d:\work\github\quake-2\debug\quake2.bsc
d:\work\github\quake-2\debug\vc140.pdb
d:\work\github\quake-2\debug\vc140.idb
d:\work\github\quake-2\debug\cl_cin.sbr
d:\work\github\quake-2\debug\cl_ents.sbr
d:\work\github\quake-2\debug\cl_fx.sbr
d:\work\github\quake-2\debug\cl_input.sbr
d:\work\github\quake-2\debug\cl_inv.sbr
d:\work\github\quake-2\debug\cl_main.sbr
d:\work\github\quake-2\debug\cl_newfx.sbr
d:\work\github\quake-2\debug\cl_parse.sbr
d:\work\github\quake-2\debug\cl_pred.sbr
d:\work\github\quake-2\debug\cl_scrn.sbr
d:\work\github\quake-2\debug\cl_tent.sbr
d:\work\github\quake-2\debug\cl_view.sbr
d:\work\github\quake-2\debug\console.sbr
d:\work\github\quake-2\debug\keys.sbr
d:\work\github\quake-2\debug\menu.sbr
d:\work\github\quake-2\debug\qmenu.sbr
d:\work\github\quake-2\debug\snd_dma.sbr
d:\work\github\quake-2\debug\snd_mem.sbr
d:\work\github\quake-2\debug\snd_mix.sbr
d:\work\github\quake-2\debug\x86.sbr
d:\work\github\quake-2\debug\x86.obj
d:\work\github\quake-2\debug\snd_mix.obj
d:\work\github\quake-2\debug\snd_mem.obj
d:\work\github\quake-2\debug\snd_dma.obj
d:\work\github\quake-2\debug\qmenu.obj
d:\work\github\quake-2\debug\menu.obj
d:\work\github\quake-2\debug\keys.obj
d:\work\github\quake-2\debug\console.obj
d:\work\github\quake-2\debug\cl_view.obj
d:\work\github\quake-2\debug\cl_tent.obj
d:\work\github\quake-2\debug\cl_scrn.obj
d:\work\github\quake-2\debug\cl_pred.obj
d:\work\github\quake-2\debug\cl_parse.obj
d:\work\github\quake-2\debug\cl_newfx.obj
d:\work\github\quake-2\debug\cl_main.obj
d:\work\github\quake-2\debug\cl_inv.obj
d:\work\github\quake-2\debug\cl_input.obj
d:\work\github\quake-2\debug\cl_fx.obj
d:\work\github\quake-2\debug\cl_ents.obj
d:\work\github\quake-2\debug\cl_cin.obj
d:\work\github\quake-2\debug\m_flash.sbr
d:\work\github\quake-2\debug\q_shared.sbr
d:\work\github\quake-2\debug\cmd.sbr
d:\work\github\quake-2\debug\cmodel.sbr
d:\work\github\quake-2\debug\common.sbr
d:\work\github\quake-2\debug\crc.sbr
d:\work\github\quake-2\debug\cvar.sbr
d:\work\github\quake-2\debug\files.sbr
d:\work\github\quake-2\debug\md4.sbr
d:\work\github\quake-2\debug\net_chan.sbr
d:\work\github\quake-2\debug\pmove.sbr
d:\work\github\quake-2\debug\sv_ccmds.sbr
d:\work\github\quake-2\debug\sv_ents.sbr
d:\work\github\quake-2\debug\sv_game.sbr
d:\work\github\quake-2\debug\sv_init.sbr
d:\work\github\quake-2\debug\sv_main.sbr
d:\work\github\quake-2\debug\sv_send.sbr
d:\work\github\quake-2\debug\sv_user.sbr
d:\work\github\quake-2\debug\sv_world.sbr
d:\work\github\quake-2\debug\cd_win.sbr
d:\work\github\quake-2\debug\cd_win.obj
d:\work\github\quake-2\debug\sv_world.obj
d:\work\github\quake-2\debug\sv_user.obj
d:\work\github\quake-2\debug\sv_send.obj
d:\work\github\quake-2\debug\sv_main.obj
d:\work\github\quake-2\debug\sv_init.obj
d:\work\github\quake-2\debug\sv_game.obj
d:\work\github\quake-2\debug\sv_ents.obj
d:\work\github\quake-2\debug\sv_ccmds.obj
d:\work\github\quake-2\debug\pmove.obj
d:\work\github\quake-2\debug\net_chan.obj
d:\work\github\quake-2\debug\md4.obj
d:\work\github\quake-2\debug\files.obj
d:\work\github\quake-2\debug\cvar.obj
d:\work\github\quake-2\debug\crc.obj
d:\work\github\quake-2\debug\common.obj
d:\work\github\quake-2\debug\cmodel.obj
d:\work\github\quake-2\debug\cmd.obj
d:\work\github\quake-2\debug\q_shared.obj
d:\work\github\quake-2\debug\m_flash.obj
d:\work\github\quake-2\debug\conproc.sbr
d:\work\github\quake-2\debug\in_win.sbr
d:\work\github\quake-2\debug\net_wins.sbr
d:\work\github\quake-2\debug\q_shwin.sbr
d:\work\github\quake-2\debug\snd_win.sbr
d:\work\github\quake-2\debug\sys_win.sbr
d:\work\github\quake-2\debug\vid_dll.sbr
d:\work\github\quake-2\debug\vid_menu.sbr
d:\work\github\quake-2\debug\vid_menu.obj
d:\work\github\quake-2\debug\vid_dll.obj
d:\work\github\quake-2\debug\sys_win.obj
d:\work\github\quake-2\debug\snd_win.obj
d:\work\github\quake-2\debug\q_shwin.obj
d:\work\github\quake-2\debug\net_wins.obj
d:\work\github\quake-2\debug\in_win.obj
d:\work\github\quake-2\debug\conproc.obj
d:\work\github\quake-2\debug\q2.res
d:\work\github\quake-2\debug\quake2.pdb
d:\work\github\quake-2\debug\quake2.tlog\bscmake.command.1.tlog
d:\work\github\quake-2\debug\quake2.tlog\bscmake.read.1.tlog
d:\work\github\quake-2\debug\quake2.tlog\bscmake.write.1.tlog
d:\work\github\quake-2\debug\quake2.tlog\cl.command.1.tlog
d:\work\github\quake-2\debug\quake2.tlog\cl.read.1.tlog
d:\work\github\quake-2\debug\quake2.tlog\cl.write.1.tlog
d:\work\github\quake-2\debug\quake2.tlog\link-cvtres.read.1.tlog
d:\work\github\quake-2\debug\quake2.tlog\link-cvtres.write.1.tlog
d:\work\github\quake-2\debug\quake2.tlog\link-rc.read.1.tlog
d:\work\github\quake-2\debug\quake2.tlog\link-rc.write.1.tlog
d:\work\github\quake-2\debug\quake2.tlog\link.command.1.tlog
d:\work\github\quake-2\debug\quake2.tlog\link.read.1.tlog
d:\work\github\quake-2\debug\quake2.tlog\link.write.1.tlog
d:\work\github\quake-2\debug\quake2.tlog\rc.command.1.tlog
d:\work\github\quake-2\debug\quake2.tlog\rc.read.1.tlog
d:\work\github\quake-2\debug\quake2.tlog\rc.write.1.tlog
