  cl_cin.c
  cl_ents.c
d:\work\github\quake-2\client\cl_ents.c(797): warning C4996: 'strcpy': This function or variable may be unsafe. Consider using strcpy_s instead. To disable deprecation, use _CRT_SECURE_NO_WARNINGS. See online help for details.
  c:\program files (x86)\windows kits\10\include\10.0.10056.0\ucrt\string.h(119): note:  см. объявление "strcpy"
d:\work\github\quake-2\client\cl_ents.c(805): warning C4996: 'strcpy': This function or variable may be unsafe. Consider using strcpy_s instead. To disable deprecation, use _CRT_SECURE_NO_WARNINGS. See online help for details.
  c:\program files (x86)\windows kits\10\include\10.0.10056.0\ucrt\string.h(119): note:  см. объявление "strcpy"
  cl_fx.c
  cl_input.c
  cl_inv.c
  cl_main.c
d:\work\github\quake-2\client\cl_main.c(195): warning C4996: 'fopen': This function or variable may be unsafe. Consider using fopen_s instead. To disable deprecation, use _CRT_SECURE_NO_WARNINGS. See online help for details.
  c:\program files (x86)\windows kits\10\include\10.0.10056.0\ucrt\stdio.h(205): note:  см. объявление "fopen"
d:\work\github\quake-2\client\cl_main.c(313): warning C4996: 'strcpy': This function or variable may be unsafe. Consider using strcpy_s instead. To disable deprecation, use _CRT_SECURE_NO_WARNINGS. See online help for details.
  c:\program files (x86)\windows kits\10\include\10.0.10056.0\ucrt\string.h(119): note:  см. объявление "strcpy"
d:\work\github\quake-2\client\cl_main.c(314): warning C4996: 'strcat': This function or variable may be unsafe. Consider using strcat_s instead. To disable deprecation, use _CRT_SECURE_NO_WARNINGS. See online help for details.
  c:\program files (x86)\windows kits\10\include\10.0.10056.0\ucrt\string.h(90): note:  см. объявление "strcat"
d:\work\github\quake-2\client\cl_main.c(318): warning C4996: 'strcat': This function or variable may be unsafe. Consider using strcat_s instead. To disable deprecation, use _CRT_SECURE_NO_WARNINGS. See online help for details.
  c:\program files (x86)\windows kits\10\include\10.0.10056.0\ucrt\string.h(90): note:  см. объявление "strcat"
d:\work\github\quake-2\client\cl_main.c(319): warning C4996: 'strcat': This function or variable may be unsafe. Consider using strcat_s instead. To disable deprecation, use _CRT_SECURE_NO_WARNINGS. See online help for details.
  c:\program files (x86)\windows kits\10\include\10.0.10056.0\ucrt\string.h(90): note:  см. объявление "strcat"
d:\work\github\quake-2\client\cl_main.c(322): warning C4996: 'putenv': The POSIX name for this item is deprecated. Instead, use the ISO C and C++ conformant name: _putenv. See online help for details.
  c:\program files (x86)\windows kits\10\include\10.0.10056.0\ucrt\stdlib.h(1351): note:  см. объявление "putenv"
d:\work\github\quake-2\client\cl_main.c(326): warning C4996: 'getenv': This function or variable may be unsafe. Consider using _dupenv_s instead. To disable deprecation, use _CRT_SECURE_NO_WARNINGS. See online help for details.
  c:\program files (x86)\windows kits\10\include\10.0.10056.0\ucrt\stdlib.h(1185): note:  см. объявление "getenv"
d:\work\github\quake-2\client\cl_main.c(457): warning C4996: 'strncpy': This function or variable may be unsafe. Consider using strncpy_s instead. To disable deprecation, use _CRT_SECURE_NO_WARNINGS. See online help for details.
  c:\program files (x86)\windows kits\10\include\10.0.10056.0\ucrt\string.h(347): note:  см. объявление "strncpy"
d:\work\github\quake-2\client\cl_main.c(520): warning C4996: 'strncpy': This function or variable may be unsafe. Consider using strncpy_s instead. To disable deprecation, use _CRT_SECURE_NO_WARNINGS. See online help for details.
  c:\program files (x86)\windows kits\10\include\10.0.10056.0\ucrt\string.h(347): note:  см. объявление "strncpy"
d:\work\github\quake-2\client\cl_main.c(554): warning C4013: lstrcat: нет определения; предполагается "extern" с возвратом типа "int"
d:\work\github\quake-2\client\cl_main.c(569): warning C4013: lstrlen: нет определения; предполагается "extern" с возвратом типа "int"
d:\work\github\quake-2\client\cl_main.c(646): warning C4996: 'strcpy': This function or variable may be unsafe. Consider using strcpy_s instead. To disable deprecation, use _CRT_SECURE_NO_WARNINGS. See online help for details.
  c:\program files (x86)\windows kits\10\include\10.0.10056.0\ucrt\string.h(119): note:  см. объявление "strcpy"
d:\work\github\quake-2\client\cl_main.c(1063): warning C4996: 'strncpy': This function or variable may be unsafe. Consider using strncpy_s instead. To disable deprecation, use _CRT_SECURE_NO_WARNINGS. See online help for details.
  c:\program files (x86)\windows kits\10\include\10.0.10056.0\ucrt\string.h(347): note:  см. объявление "strncpy"
d:\work\github\quake-2\client\cl_main.c(1248): warning C4996: 'strcpy': This function or variable may be unsafe. Consider using strcpy_s instead. To disable deprecation, use _CRT_SECURE_NO_WARNINGS. See online help for details.
  c:\program files (x86)\windows kits\10\include\10.0.10056.0\ucrt\string.h(119): note:  см. объявление "strcpy"
d:\work\github\quake-2\client\cl_main.c(1254): warning C4996: 'strcpy': This function or variable may be unsafe. Consider using strcpy_s instead. To disable deprecation, use _CRT_SECURE_NO_WARNINGS. See online help for details.
  c:\program files (x86)\windows kits\10\include\10.0.10056.0\ucrt\string.h(119): note:  см. объявление "strcpy"
d:\work\github\quake-2\client\cl_main.c(1355): warning C4996: 'sprintf': This function or variable may be unsafe. Consider using sprintf_s instead. To disable deprecation, use _CRT_SECURE_NO_WARNINGS. See online help for details.
  c:\program files (x86)\windows kits\10\include\10.0.10056.0\ucrt\stdio.h(1769): note:  см. объявление "sprintf"
d:\work\github\quake-2\client\cl_main.c(1565): warning C4996: 'fopen': This function or variable may be unsafe. Consider using fopen_s instead. To disable deprecation, use _CRT_SECURE_NO_WARNINGS. See online help for details.
  c:\program files (x86)\windows kits\10\include\10.0.10056.0\ucrt\stdio.h(205): note:  см. объявление "fopen"
  cl_newfx.c
  cl_parse.c
d:\work\github\quake-2\client\cl_parse.c(85): warning C4996: 'strcpy': This function or variable may be unsafe. Consider using strcpy_s instead. To disable deprecation, use _CRT_SECURE_NO_WARNINGS. See online help for details.
  c:\program files (x86)\windows kits\10\include\10.0.10056.0\ucrt\string.h(119): note:  см. объявление "strcpy"
d:\work\github\quake-2\client\cl_parse.c(91): warning C4996: 'strcat': This function or variable may be unsafe. Consider using strcat_s instead. To disable deprecation, use _CRT_SECURE_NO_WARNINGS. See online help for details.
  c:\program files (x86)\windows kits\10\include\10.0.10056.0\ucrt\string.h(90): note:  см. объявление "strcat"
d:\work\github\quake-2\client\cl_parse.c(100): warning C4996: 'fopen': This function or variable may be unsafe. Consider using fopen_s instead. To disable deprecation, use _CRT_SECURE_NO_WARNINGS. See online help for details.
  c:\program files (x86)\windows kits\10\include\10.0.10056.0\ucrt\stdio.h(205): note:  см. объявление "fopen"
d:\work\github\quake-2\client\cl_parse.c(155): warning C4996: 'strcpy': This function or variable may be unsafe. Consider using strcpy_s instead. To disable deprecation, use _CRT_SECURE_NO_WARNINGS. See online help for details.
  c:\program files (x86)\windows kits\10\include\10.0.10056.0\ucrt\string.h(119): note:  см. объявление "strcpy"
d:\work\github\quake-2\client\cl_parse.c(162): warning C4996: 'strcat': This function or variable may be unsafe. Consider using strcat_s instead. To disable deprecation, use _CRT_SECURE_NO_WARNINGS. See online help for details.
  c:\program files (x86)\windows kits\10\include\10.0.10056.0\ucrt\string.h(90): note:  см. объявление "strcat"
d:\work\github\quake-2\client\cl_parse.c(229): warning C4996: 'fopen': This function or variable may be unsafe. Consider using fopen_s instead. To disable deprecation, use _CRT_SECURE_NO_WARNINGS. See online help for details.
  c:\program files (x86)\windows kits\10\include\10.0.10056.0\ucrt\stdio.h(205): note:  см. объявление "fopen"
d:\work\github\quake-2\client\cl_parse.c(327): warning C4996: 'strncpy': This function or variable may be unsafe. Consider using strncpy_s instead. To disable deprecation, use _CRT_SECURE_NO_WARNINGS. See online help for details.
  c:\program files (x86)\windows kits\10\include\10.0.10056.0\ucrt\string.h(347): note:  см. объявление "strncpy"
d:\work\github\quake-2\client\cl_parse.c(390): warning C4996: 'strncpy': This function or variable may be unsafe. Consider using strncpy_s instead. To disable deprecation, use _CRT_SECURE_NO_WARNINGS. See online help for details.
  c:\program files (x86)\windows kits\10\include\10.0.10056.0\ucrt\string.h(347): note:  см. объявление "strncpy"
d:\work\github\quake-2\client\cl_parse.c(394): warning C4996: 'strncpy': This function or variable may be unsafe. Consider using strncpy_s instead. To disable deprecation, use _CRT_SECURE_NO_WARNINGS. See online help for details.
  c:\program files (x86)\windows kits\10\include\10.0.10056.0\ucrt\string.h(347): note:  см. объявление "strncpy"
d:\work\github\quake-2\client\cl_parse.c(418): warning C4996: 'strcpy': This function or variable may be unsafe. Consider using strcpy_s instead. To disable deprecation, use _CRT_SECURE_NO_WARNINGS. See online help for details.
  c:\program files (x86)\windows kits\10\include\10.0.10056.0\ucrt\string.h(119): note:  см. объявление "strcpy"
d:\work\github\quake-2\client\cl_parse.c(427): warning C4996: 'strcpy': This function or variable may be unsafe. Consider using strcpy_s instead. To disable deprecation, use _CRT_SECURE_NO_WARNINGS. See online help for details.
  c:\program files (x86)\windows kits\10\include\10.0.10056.0\ucrt\string.h(119): note:  см. объявление "strcpy"
d:\work\github\quake-2\client\cl_parse.c(434): warning C4996: 'strcpy': This function or variable may be unsafe. Consider using strcpy_s instead. To disable deprecation, use _CRT_SECURE_NO_WARNINGS. See online help for details.
  c:\program files (x86)\windows kits\10\include\10.0.10056.0\ucrt\string.h(119): note:  см. объявление "strcpy"
d:\work\github\quake-2\client\cl_parse.c(448): warning C4996: 'strcpy': This function or variable may be unsafe. Consider using strcpy_s instead. To disable deprecation, use _CRT_SECURE_NO_WARNINGS. See online help for details.
  c:\program files (x86)\windows kits\10\include\10.0.10056.0\ucrt\string.h(119): note:  см. объявление "strcpy"
d:\work\github\quake-2\client\cl_parse.c(528): warning C4996: 'strcpy': This function or variable may be unsafe. Consider using strcpy_s instead. To disable deprecation, use _CRT_SECURE_NO_WARNINGS. See online help for details.
  c:\program files (x86)\windows kits\10\include\10.0.10056.0\ucrt\string.h(119): note:  см. объявление "strcpy"
d:\work\github\quake-2\client\cl_parse.c(784): warning C4996: 'strncpy': This function or variable may be unsafe. Consider using strncpy_s instead. To disable deprecation, use _CRT_SECURE_NO_WARNINGS. See online help for details.
  c:\program files (x86)\windows kits\10\include\10.0.10056.0\ucrt\string.h(347): note:  см. объявление "strncpy"
  cl_pred.c
  cl_scrn.c
d:\work\github\quake-2\client\cl_scrn.c(202): warning C4996: 'strncpy': This function or variable may be unsafe. Consider using strncpy_s instead. To disable deprecation, use _CRT_SECURE_NO_WARNINGS. See online help for details.
  c:\program files (x86)\windows kits\10\include\10.0.10056.0\ucrt\string.h(347): note:  см. объявление "strncpy"
d:\work\github\quake-2\client\cl_scrn.c(1080): warning C4996: 'sprintf': This function or variable may be unsafe. Consider using sprintf_s instead. To disable deprecation, use _CRT_SECURE_NO_WARNINGS. See online help for details.
  c:\program files (x86)\windows kits\10\include\10.0.10056.0\ucrt\stdio.h(1769): note:  см. объявление "sprintf"
  cl_tent.c
d:\work\github\quake-2\client\cl_tent.c(161): warning C4996: 'sprintf': This function or variable may be unsafe. Consider using sprintf_s instead. To disable deprecation, use _CRT_SECURE_NO_WARNINGS. See online help for details.
  c:\program files (x86)\windows kits\10\include\10.0.10056.0\ucrt\stdio.h(1769): note:  см. объявление "sprintf"
  cl_view.c
d:\work\github\quake-2\client\cl_view.c(263): warning C4996: 'strcpy': This function or variable may be unsafe. Consider using strcpy_s instead. To disable deprecation, use _CRT_SECURE_NO_WARNINGS. See online help for details.
  c:\program files (x86)\windows kits\10\include\10.0.10056.0\ucrt\string.h(119): note:  см. объявление "strcpy"
d:\work\github\quake-2\client\cl_view.c(281): warning C4996: 'strcpy': This function or variable may be unsafe. Consider using strcpy_s instead. To disable deprecation, use _CRT_SECURE_NO_WARNINGS. See online help for details.
  c:\program files (x86)\windows kits\10\include\10.0.10056.0\ucrt\string.h(119): note:  см. объявление "strcpy"
d:\work\github\quake-2\client\cl_view.c(285): warning C4996: 'strcpy': This function or variable may be unsafe. Consider using strcpy_s instead. To disable deprecation, use _CRT_SECURE_NO_WARNINGS. See online help for details.
  c:\program files (x86)\windows kits\10\include\10.0.10056.0\ucrt\string.h(119): note:  см. объявление "strcpy"
d:\work\github\quake-2\client\cl_view.c(297): warning C4996: 'strncpy': This function or variable may be unsafe. Consider using strncpy_s instead. To disable deprecation, use _CRT_SECURE_NO_WARNINGS. See online help for details.
  c:\program files (x86)\windows kits\10\include\10.0.10056.0\ucrt\string.h(347): note:  см. объявление "strncpy"
d:\work\github\quake-2\client\cl_view.c(340): warning C4996: 'sscanf': This function or variable may be unsafe. Consider using sscanf_s instead. To disable deprecation, use _CRT_SECURE_NO_WARNINGS. See online help for details.
  c:\program files (x86)\windows kits\10\include\10.0.10056.0\ucrt\stdio.h(2254): note:  см. объявление "sscanf"
  console.c
d:\work\github\quake-2\client\console.c(161): warning C4996: 'fopen': This function or variable may be unsafe. Consider using fopen_s instead. To disable deprecation, use _CRT_SECURE_NO_WARNINGS. See online help for details.
  c:\program files (x86)\windows kits\10\include\10.0.10056.0\ucrt\stdio.h(205): note:  см. объявление "fopen"
d:\work\github\quake-2\client\console.c(184): warning C4996: 'strncpy': This function or variable may be unsafe. Consider using strncpy_s instead. To disable deprecation, use _CRT_SECURE_NO_WARNINGS. See online help for details.
  c:\program files (x86)\windows kits\10\include\10.0.10056.0\ucrt\string.h(347): note:  см. объявление "strncpy"
d:\work\github\quake-2\client\console.c(437): warning C4996: 'strcpy': This function or variable may be unsafe. Consider using strcpy_s instead. To disable deprecation, use _CRT_SECURE_NO_WARNINGS. See online help for details.
  c:\program files (x86)\windows kits\10\include\10.0.10056.0\ucrt\string.h(119): note:  см. объявление "strcpy"
d:\work\github\quake-2\client\console.c(438): warning C4996: 'strcat': This function or variable may be unsafe. Consider using strcat_s instead. To disable deprecation, use _CRT_SECURE_NO_WARNINGS. See online help for details.
  c:\program files (x86)\windows kits\10\include\10.0.10056.0\ucrt\string.h(90): note:  см. объявление "strcat"
d:\work\github\quake-2\client\console.c(647): warning C4996: 'strncpy': This function or variable may be unsafe. Consider using strncpy_s instead. To disable deprecation, use _CRT_SECURE_NO_WARNINGS. See online help for details.
  c:\program files (x86)\windows kits\10\include\10.0.10056.0\ucrt\string.h(347): note:  см. объявление "strncpy"
d:\work\github\quake-2\client\console.c(649): warning C4996: 'strcat': This function or variable may be unsafe. Consider using strcat_s instead. To disable deprecation, use _CRT_SECURE_NO_WARNINGS. See online help for details.
  c:\program files (x86)\windows kits\10\include\10.0.10056.0\ucrt\string.h(90): note:  см. объявление "strcat"
d:\work\github\quake-2\client\console.c(651): warning C4996: 'strcpy': This function or variable may be unsafe. Consider using strcpy_s instead. To disable deprecation, use _CRT_SECURE_NO_WARNINGS. See online help for details.
  c:\program files (x86)\windows kits\10\include\10.0.10056.0\ucrt\string.h(119): note:  см. объявление "strcpy"
d:\work\github\quake-2\client\console.c(652): warning C4996: 'strcat': This function or variable may be unsafe. Consider using strcat_s instead. To disable deprecation, use _CRT_SECURE_NO_WARNINGS. See online help for details.
  c:\program files (x86)\windows kits\10\include\10.0.10056.0\ucrt\string.h(90): note:  см. объявление "strcat"
d:\work\github\quake-2\client\console.c(669): warning C4996: 'sprintf': This function or variable may be unsafe. Consider using sprintf_s instead. To disable deprecation, use _CRT_SECURE_NO_WARNINGS. See online help for details.
  c:\program files (x86)\windows kits\10\include\10.0.10056.0\ucrt\stdio.h(1769): note:  см. объявление "sprintf"
  keys.c
d:\work\github\quake-2\client\keys.c(178): warning C4996: 'strcpy': This function or variable may be unsafe. Consider using strcpy_s instead. To disable deprecation, use _CRT_SECURE_NO_WARNINGS. See online help for details.
  c:\program files (x86)\windows kits\10\include\10.0.10056.0\ucrt\string.h(119): note:  см. объявление "strcpy"
d:\work\github\quake-2\client\keys.c(243): warning C4013: toupper: нет определения; предполагается "extern" с возвратом типа "int"
d:\work\github\quake-2\client\keys.c(252): warning C4996: 'strtok': This function or variable may be unsafe. Consider using strtok_s instead. To disable deprecation, use _CRT_SECURE_NO_WARNINGS. See online help for details.
  c:\program files (x86)\windows kits\10\include\10.0.10056.0\ucrt\string.h(455): note:  см. объявление "strtok"
d:\work\github\quake-2\client\keys.c(261): warning C4996: 'strcat': This function or variable may be unsafe. Consider using strcat_s instead. To disable deprecation, use _CRT_SECURE_NO_WARNINGS. See online help for details.
  c:\program files (x86)\windows kits\10\include\10.0.10056.0\ucrt\string.h(90): note:  см. объявление "strcat"
d:\work\github\quake-2\client\keys.c(321): warning C4996: 'strcpy': This function or variable may be unsafe. Consider using strcpy_s instead. To disable deprecation, use _CRT_SECURE_NO_WARNINGS. See online help for details.
  c:\program files (x86)\windows kits\10\include\10.0.10056.0\ucrt\string.h(119): note:  см. объявление "strcpy"
d:\work\github\quake-2\client\keys.c(343): warning C4996: 'strcpy': This function or variable may be unsafe. Consider using strcpy_s instead. To disable deprecation, use _CRT_SECURE_NO_WARNINGS. See online help for details.
  c:\program files (x86)\windows kits\10\include\10.0.10056.0\ucrt\string.h(119): note:  см. объявление "strcpy"
d:\work\github\quake-2\client\keys.c(522): warning C4996: 'strcpy': This function or variable may be unsafe. Consider using strcpy_s instead. To disable deprecation, use _CRT_SECURE_NO_WARNINGS. See online help for details.
  c:\program files (x86)\windows kits\10\include\10.0.10056.0\ucrt\string.h(119): note:  см. объявление "strcpy"
d:\work\github\quake-2\client\keys.c(599): warning C4996: 'strcat': This function or variable may be unsafe. Consider using strcat_s instead. To disable deprecation, use _CRT_SECURE_NO_WARNINGS. See online help for details.
  c:\program files (x86)\windows kits\10\include\10.0.10056.0\ucrt\string.h(90): note:  см. объявление "strcat"
d:\work\github\quake-2\client\keys.c(601): warning C4996: 'strcat': This function or variable may be unsafe. Consider using strcat_s instead. To disable deprecation, use _CRT_SECURE_NO_WARNINGS. See online help for details.
  c:\program files (x86)\windows kits\10\include\10.0.10056.0\ucrt\string.h(90): note:  см. объявление "strcat"
  menu.c
d:\work\github\quake-2\client\menu.c(421): warning C4996: 'strcpy': This function or variable may be unsafe. Consider using strcpy_s instead. To disable deprecation, use _CRT_SECURE_NO_WARNINGS. See online help for details.
  c:\program files (x86)\windows kits\10\include\10.0.10056.0\ucrt\string.h(119): note:  см. объявление "strcpy"
d:\work\github\quake-2\client\menu.c(422): warning C4996: 'strcat': This function or variable may be unsafe. Consider using strcat_s instead. To disable deprecation, use _CRT_SECURE_NO_WARNINGS. See online help for details.
  c:\program files (x86)\windows kits\10\include\10.0.10056.0\ucrt\string.h(90): note:  см. объявление "strcat"
d:\work\github\quake-2\client\menu.c(2055): warning C4996: 'fopen': This function or variable may be unsafe. Consider using fopen_s instead. To disable deprecation, use _CRT_SECURE_NO_WARNINGS. See online help for details.
  c:\program files (x86)\windows kits\10\include\10.0.10056.0\ucrt\stdio.h(205): note:  см. объявление "fopen"
d:\work\github\quake-2\client\menu.c(2058): warning C4996: 'strcpy': This function or variable may be unsafe. Consider using strcpy_s instead. To disable deprecation, use _CRT_SECURE_NO_WARNINGS. See online help for details.
  c:\program files (x86)\windows kits\10\include\10.0.10056.0\ucrt\string.h(119): note:  см. объявление "strcpy"
d:\work\github\quake-2\client\menu.c(2245): warning C4996: 'strncpy': This function or variable may be unsafe. Consider using strncpy_s instead. To disable deprecation, use _CRT_SECURE_NO_WARNINGS. See online help for details.
  c:\program files (x86)\windows kits\10\include\10.0.10056.0\ucrt\string.h(347): note:  см. объявление "strncpy"
d:\work\github\quake-2\client\menu.c(2283): warning C4996: 'strcpy': This function or variable may be unsafe. Consider using strcpy_s instead. To disable deprecation, use _CRT_SECURE_NO_WARNINGS. See online help for details.
  c:\program files (x86)\windows kits\10\include\10.0.10056.0\ucrt\string.h(119): note:  см. объявление "strcpy"
d:\work\github\quake-2\client\menu.c(2332): warning C4996: 'strcpy': This function or variable may be unsafe. Consider using strcpy_s instead. To disable deprecation, use _CRT_SECURE_NO_WARNINGS. See online help for details.
  c:\program files (x86)\windows kits\10\include\10.0.10056.0\ucrt\string.h(119): note:  см. объявление "strcpy"
d:\work\github\quake-2\client\menu.c(2411): warning C4996: 'strcpy': This function or variable may be unsafe. Consider using strcpy_s instead. To disable deprecation, use _CRT_SECURE_NO_WARNINGS. See online help for details.
  c:\program files (x86)\windows kits\10\include\10.0.10056.0\ucrt\string.h(119): note:  см. объявление "strcpy"
d:\work\github\quake-2\client\menu.c(2444): warning C4996: 'strcpy': This function or variable may be unsafe. Consider using strcpy_s instead. To disable deprecation, use _CRT_SECURE_NO_WARNINGS. See online help for details.
  c:\program files (x86)\windows kits\10\include\10.0.10056.0\ucrt\string.h(119): note:  см. объявление "strcpy"
d:\work\github\quake-2\client\menu.c(2538): warning C4996: 'fopen': This function or variable may be unsafe. Consider using fopen_s instead. To disable deprecation, use _CRT_SECURE_NO_WARNINGS. See online help for details.
  c:\program files (x86)\windows kits\10\include\10.0.10056.0\ucrt\stdio.h(205): note:  см. объявление "fopen"
d:\work\github\quake-2\client\menu.c(2546): warning C4996: 'filelength': The POSIX name for this item is deprecated. Instead, use the ISO C and C++ conformant name: _filelength. See online help for details.
  c:\program files (x86)\windows kits\10\include\10.0.10056.0\ucrt\corecrt_io.h(484): note:  см. объявление "filelength"
d:\work\github\quake-2\client\menu.c(2546): warning C4996: 'fileno': The POSIX name for this item is deprecated. Instead, use the ISO C and C++ conformant name: _fileno. See online help for details.
  c:\program files (x86)\windows kits\10\include\10.0.10056.0\ucrt\stdio.h(2450): note:  см. объявление "fileno"
d:\work\github\quake-2\client\menu.c(2581): warning C4996: 'strcpy': This function or variable may be unsafe. Consider using strcpy_s instead. To disable deprecation, use _CRT_SECURE_NO_WARNINGS. See online help for details.
  c:\program files (x86)\windows kits\10\include\10.0.10056.0\ucrt\string.h(119): note:  см. объявление "strcpy"
d:\work\github\quake-2\client\menu.c(2585): warning C4996: 'strcpy': This function or variable may be unsafe. Consider using strcpy_s instead. To disable deprecation, use _CRT_SECURE_NO_WARNINGS. See online help for details.
  c:\program files (x86)\windows kits\10\include\10.0.10056.0\ucrt\string.h(119): note:  см. объявление "strcpy"
d:\work\github\quake-2\client\menu.c(2589): warning C4996: 'strcpy': This function or variable may be unsafe. Consider using strcpy_s instead. To disable deprecation, use _CRT_SECURE_NO_WARNINGS. See online help for details.
  c:\program files (x86)\windows kits\10\include\10.0.10056.0\ucrt\string.h(119): note:  см. объявление "strcpy"
d:\work\github\quake-2\client\menu.c(2641): warning C4996: 'strcpy': This function or variable may be unsafe. Consider using strcpy_s instead. To disable deprecation, use _CRT_SECURE_NO_WARNINGS. See online help for details.
  c:\program files (x86)\windows kits\10\include\10.0.10056.0\ucrt\string.h(119): note:  см. объявление "strcpy"
d:\work\github\quake-2\client\menu.c(2651): warning C4996: 'strcpy': This function or variable may be unsafe. Consider using strcpy_s instead. To disable deprecation, use _CRT_SECURE_NO_WARNINGS. See online help for details.
  c:\program files (x86)\windows kits\10\include\10.0.10056.0\ucrt\string.h(119): note:  см. объявление "strcpy"
d:\work\github\quake-2\client\menu.c(2668): warning C4996: 'strcpy': This function or variable may be unsafe. Consider using strcpy_s instead. To disable deprecation, use _CRT_SECURE_NO_WARNINGS. See online help for details.
  c:\program files (x86)\windows kits\10\include\10.0.10056.0\ucrt\string.h(119): note:  см. объявление "strcpy"
d:\work\github\quake-2\client\menu.c(2670): warning C4996: 'strcpy': This function or variable may be unsafe. Consider using strcpy_s instead. To disable deprecation, use _CRT_SECURE_NO_WARNINGS. See online help for details.
  c:\program files (x86)\windows kits\10\include\10.0.10056.0\ucrt\string.h(119): note:  см. объявление "strcpy"
d:\work\github\quake-2\client\menu.c(2680): warning C4996: 'strcpy': This function or variable may be unsafe. Consider using strcpy_s instead. To disable deprecation, use _CRT_SECURE_NO_WARNINGS. See online help for details.
  c:\program files (x86)\windows kits\10\include\10.0.10056.0\ucrt\string.h(119): note:  см. объявление "strcpy"
d:\work\github\quake-2\client\menu.c(3315): warning C4996: 'strcpy': This function or variable may be unsafe. Consider using strcpy_s instead. To disable deprecation, use _CRT_SECURE_NO_WARNINGS. See online help for details.
  c:\program files (x86)\windows kits\10\include\10.0.10056.0\ucrt\string.h(119): note:  см. объявление "strcpy"
d:\work\github\quake-2\client\menu.c(3429): warning C4996: 'strcpy': This function or variable may be unsafe. Consider using strcpy_s instead. To disable deprecation, use _CRT_SECURE_NO_WARNINGS. See online help for details.
  c:\program files (x86)\windows kits\10\include\10.0.10056.0\ucrt\string.h(119): note:  см. объявление "strcpy"
d:\work\github\quake-2\client\menu.c(3431): warning C4996: 'strcat': This function or variable may be unsafe. Consider using strcat_s instead. To disable deprecation, use _CRT_SECURE_NO_WARNINGS. See online help for details.
  c:\program files (x86)\windows kits\10\include\10.0.10056.0\ucrt\string.h(90): note:  см. объявление "strcat"
d:\work\github\quake-2\client\menu.c(3490): warning C4996: 'strcpy': This function or variable may be unsafe. Consider using strcpy_s instead. To disable deprecation, use _CRT_SECURE_NO_WARNINGS. See online help for details.
  c:\program files (x86)\windows kits\10\include\10.0.10056.0\ucrt\string.h(119): note:  см. объявление "strcpy"
d:\work\github\quake-2\client\menu.c(3491): warning C4996: 'strcat': This function or variable may be unsafe. Consider using strcat_s instead. To disable deprecation, use _CRT_SECURE_NO_WARNINGS. See online help for details.
  c:\program files (x86)\windows kits\10\include\10.0.10056.0\ucrt\string.h(90): note:  см. объявление "strcat"
d:\work\github\quake-2\client\menu.c(3502): warning C4996: 'strcpy': This function or variable may be unsafe. Consider using strcpy_s instead. To disable deprecation, use _CRT_SECURE_NO_WARNINGS. See online help for details.
  c:\program files (x86)\windows kits\10\include\10.0.10056.0\ucrt\string.h(119): note:  см. объявление "strcpy"
d:\work\github\quake-2\client\menu.c(3503): warning C4996: 'strcat': This function or variable may be unsafe. Consider using strcat_s instead. To disable deprecation, use _CRT_SECURE_NO_WARNINGS. See online help for details.
  c:\program files (x86)\windows kits\10\include\10.0.10056.0\ucrt\string.h(90): note:  см. объявление "strcat"
d:\work\github\quake-2\client\menu.c(3547): warning C4996: 'strcpy': This function or variable may be unsafe. Consider using strcpy_s instead. To disable deprecation, use _CRT_SECURE_NO_WARNINGS. See online help for details.
  c:\program files (x86)\windows kits\10\include\10.0.10056.0\ucrt\string.h(119): note:  см. объявление "strcpy"
d:\work\github\quake-2\client\menu.c(3552): warning C4996: 'strdup': The POSIX name for this item is deprecated. Instead, use the ISO C and C++ conformant name: _strdup. See online help for details.
  c:\program files (x86)\windows kits\10\include\10.0.10056.0\ucrt\string.h(554): note:  см. объявление "strdup"
d:\work\github\quake-2\client\menu.c(3571): warning C4996: 'strncpy': This function or variable may be unsafe. Consider using strncpy_s instead. To disable deprecation, use _CRT_SECURE_NO_WARNINGS. See online help for details.
  c:\program files (x86)\windows kits\10\include\10.0.10056.0\ucrt\string.h(347): note:  см. объявление "strncpy"
d:\work\github\quake-2\client\menu.c(3572): warning C4996: 'strcpy': This function or variable may be unsafe. Consider using strcpy_s instead. To disable deprecation, use _CRT_SECURE_NO_WARNINGS. See online help for details.
  c:\program files (x86)\windows kits\10\include\10.0.10056.0\ucrt\string.h(119): note:  см. объявление "strcpy"
d:\work\github\quake-2\client\menu.c(3628): warning C4996: 'strcpy': This function or variable may be unsafe. Consider using strcpy_s instead. To disable deprecation, use _CRT_SECURE_NO_WARNINGS. See online help for details.
  c:\program files (x86)\windows kits\10\include\10.0.10056.0\ucrt\string.h(119): note:  см. объявление "strcpy"
d:\work\github\quake-2\client\menu.c(3632): warning C4996: 'strcpy': This function or variable may be unsafe. Consider using strcpy_s instead. To disable deprecation, use _CRT_SECURE_NO_WARNINGS. See online help for details.
  c:\program files (x86)\windows kits\10\include\10.0.10056.0\ucrt\string.h(119): note:  см. объявление "strcpy"
d:\work\github\quake-2\client\menu.c(3637): warning C4996: 'strcpy': This function or variable may be unsafe. Consider using strcpy_s instead. To disable deprecation, use _CRT_SECURE_NO_WARNINGS. See online help for details.
  c:\program files (x86)\windows kits\10\include\10.0.10056.0\ucrt\string.h(119): note:  см. объявление "strcpy"
d:\work\github\quake-2\client\menu.c(3642): warning C4996: 'strcpy': This function or variable may be unsafe. Consider using strcpy_s instead. To disable deprecation, use _CRT_SECURE_NO_WARNINGS. See online help for details.
  c:\program files (x86)\windows kits\10\include\10.0.10056.0\ucrt\string.h(119): note:  см. объявление "strcpy"
d:\work\github\quake-2\client\menu.c(3643): warning C4996: 'strcpy': This function or variable may be unsafe. Consider using strcpy_s instead. To disable deprecation, use _CRT_SECURE_NO_WARNINGS. See online help for details.
  c:\program files (x86)\windows kits\10\include\10.0.10056.0\ucrt\string.h(119): note:  см. объявление "strcpy"
d:\work\github\quake-2\client\menu.c(3680): warning C4996: 'strcpy': This function or variable may be unsafe. Consider using strcpy_s instead. To disable deprecation, use _CRT_SECURE_NO_WARNINGS. See online help for details.
  c:\program files (x86)\windows kits\10\include\10.0.10056.0\ucrt\string.h(119): note:  см. объявление "strcpy"
  qmenu.c
d:\work\github\quake-2\client\qmenu.c(94): warning C4996: 'strncpy': This function or variable may be unsafe. Consider using strncpy_s instead. To disable deprecation, use _CRT_SECURE_NO_WARNINGS. See online help for details.
  c:\program files (x86)\windows kits\10\include\10.0.10056.0\ucrt\string.h(347): note:  см. объявление "strncpy"
d:\work\github\quake-2\client\qmenu.c(204): warning C4996: 'strtok': This function or variable may be unsafe. Consider using strtok_s instead. To disable deprecation, use _CRT_SECURE_NO_WARNINGS. See online help for details.
  c:\program files (x86)\windows kits\10\include\10.0.10056.0\ucrt\string.h(455): note:  см. объявление "strtok"
d:\work\github\quake-2\client\qmenu.c(206): warning C4996: 'strncpy': This function or variable may be unsafe. Consider using strncpy_s instead. To disable deprecation, use _CRT_SECURE_NO_WARNINGS. See online help for details.
  c:\program files (x86)\windows kits\10\include\10.0.10056.0\ucrt\string.h(347): note:  см. объявление "strncpy"
d:\work\github\quake-2\client\qmenu.c(667): warning C4996: 'strcpy': This function or variable may be unsafe. Consider using strcpy_s instead. To disable deprecation, use _CRT_SECURE_NO_WARNINGS. See online help for details.
  c:\program files (x86)\windows kits\10\include\10.0.10056.0\ucrt\string.h(119): note:  см. объявление "strcpy"
d:\work\github\quake-2\client\qmenu.c(670): warning C4996: 'strcpy': This function or variable may be unsafe. Consider using strcpy_s instead. To disable deprecation, use _CRT_SECURE_NO_WARNINGS. See online help for details.
  c:\program files (x86)\windows kits\10\include\10.0.10056.0\ucrt\string.h(119): note:  см. объявление "strcpy"
  snd_dma.c
d:\work\github\quake-2\client\snd_dma.c(243): warning C4996: 'strcpy': This function or variable may be unsafe. Consider using strcpy_s instead. To disable deprecation, use _CRT_SECURE_NO_WARNINGS. See online help for details.
  c:\program files (x86)\windows kits\10\include\10.0.10056.0\ucrt\string.h(119): note:  см. объявление "strcpy"
d:\work\github\quake-2\client\snd_dma.c(263): warning C4996: 'strcpy': This function or variable may be unsafe. Consider using strcpy_s instead. To disable deprecation, use _CRT_SECURE_NO_WARNINGS. See online help for details.
  c:\program files (x86)\windows kits\10\include\10.0.10056.0\ucrt\string.h(119): note:  см. объявление "strcpy"
d:\work\github\quake-2\client\snd_dma.c(279): warning C4996: 'strcpy': This function or variable may be unsafe. Consider using strcpy_s instead. To disable deprecation, use _CRT_SECURE_NO_WARNINGS. See online help for details.
  c:\program files (x86)\windows kits\10\include\10.0.10056.0\ucrt\string.h(119): note:  см. объявление "strcpy"
d:\work\github\quake-2\client\snd_dma.c(606): warning C4996: 'strcpy': This function or variable may be unsafe. Consider using strcpy_s instead. To disable deprecation, use _CRT_SECURE_NO_WARNINGS. See online help for details.
  c:\program files (x86)\windows kits\10\include\10.0.10056.0\ucrt\string.h(119): note:  см. объявление "strcpy"
d:\work\github\quake-2\client\snd_dma.c(614): warning C4996: 'strcpy': This function or variable may be unsafe. Consider using strcpy_s instead. To disable deprecation, use _CRT_SECURE_NO_WARNINGS. See online help for details.
  c:\program files (x86)\windows kits\10\include\10.0.10056.0\ucrt\string.h(119): note:  см. объявление "strcpy"
d:\work\github\quake-2\client\snd_dma.c(1170): warning C4996: 'strcpy': This function or variable may be unsafe. Consider using strcpy_s instead. To disable deprecation, use _CRT_SECURE_NO_WARNINGS. See online help for details.
  c:\program files (x86)\windows kits\10\include\10.0.10056.0\ucrt\string.h(119): note:  см. объявление "strcpy"
d:\work\github\quake-2\client\snd_dma.c(1171): warning C4996: 'strcat': This function or variable may be unsafe. Consider using strcat_s instead. To disable deprecation, use _CRT_SECURE_NO_WARNINGS. See online help for details.
  c:\program files (x86)\windows kits\10\include\10.0.10056.0\ucrt\string.h(90): note:  см. объявление "strcat"
d:\work\github\quake-2\client\snd_dma.c(1174): warning C4996: 'strcpy': This function or variable may be unsafe. Consider using strcpy_s instead. To disable deprecation, use _CRT_SECURE_NO_WARNINGS. See online help for details.
  c:\program files (x86)\windows kits\10\include\10.0.10056.0\ucrt\string.h(119): note:  см. объявление "strcpy"
  snd_mem.c
d:\work\github\quake-2\client\snd_mem.c(125): warning C4996: 'strcpy': This function or variable may be unsafe. Consider using strcpy_s instead. To disable deprecation, use _CRT_SECURE_NO_WARNINGS. See online help for details.
  c:\program files (x86)\windows kits\10\include\10.0.10056.0\ucrt\string.h(119): note:  см. объявление "strcpy"
  snd_mix.c
  x86.c
  Создание кода...
d:\work\github\quake-2\client\menu.c(3580): warning C4715: PlayerConfig_ScanDirectories: значение возвращается не при всех путях выполнения
d:\work\github\quake-2\client\cl_input.c(479): warning C4700: использована неинициализированная локальная переменная "buf"
  Компиляция...
  m_flash.c
  q_shared.c
d:\work\github\quake-2\game\q_shared.c(876): warning C4996: 'strncpy': This function or variable may be unsafe. Consider using strncpy_s instead. To disable deprecation, use _CRT_SECURE_NO_WARNINGS. See online help for details.
  c:\program files (x86)\windows kits\10\include\10.0.10056.0\ucrt\string.h(347): note:  см. объявление "strncpy"
d:\work\github\quake-2\game\q_shared.c(897): warning C4996: 'strncpy': This function or variable may be unsafe. Consider using strncpy_s instead. To disable deprecation, use _CRT_SECURE_NO_WARNINGS. See online help for details.
  c:\program files (x86)\windows kits\10\include\10.0.10056.0\ucrt\string.h(347): note:  см. объявление "strncpy"
d:\work\github\quake-2\game\q_shared.c(923): warning C4996: 'strcat': This function or variable may be unsafe. Consider using strcat_s instead. To disable deprecation, use _CRT_SECURE_NO_WARNINGS. See online help for details.
  c:\program files (x86)\windows kits\10\include\10.0.10056.0\ucrt\string.h(90): note:  см. объявление "strcat"
d:\work\github\quake-2\game\q_shared.c(1056): warning C4996: 'vsprintf': This function or variable may be unsafe. Consider using vsprintf_s instead. To disable deprecation, use _CRT_SECURE_NO_WARNINGS. See online help for details.
  c:\program files (x86)\windows kits\10\include\10.0.10056.0\ucrt\stdio.h(1465): note:  см. объявление "vsprintf"
d:\work\github\quake-2\game\q_shared.c(1230): warning C4996: 'vsprintf': This function or variable may be unsafe. Consider using vsprintf_s instead. To disable deprecation, use _CRT_SECURE_NO_WARNINGS. See online help for details.
  c:\program files (x86)\windows kits\10\include\10.0.10056.0\ucrt\stdio.h(1465): note:  см. объявление "vsprintf"
d:\work\github\quake-2\game\q_shared.c(1234): warning C4996: 'strncpy': This function or variable may be unsafe. Consider using strncpy_s instead. To disable deprecation, use _CRT_SECURE_NO_WARNINGS. See online help for details.
  c:\program files (x86)\windows kits\10\include\10.0.10056.0\ucrt\string.h(347): note:  см. объявление "strncpy"
d:\work\github\quake-2\game\q_shared.c(1334): warning C4996: 'strcpy': This function or variable may be unsafe. Consider using strcpy_s instead. To disable deprecation, use _CRT_SECURE_NO_WARNINGS. See online help for details.
  c:\program files (x86)\windows kits\10\include\10.0.10056.0\ucrt\string.h(119): note:  см. объявление "strcpy"
  cmd.c
d:\work\github\quake-2\qcommon\cmd.c(318): warning C4996: 'strcat': This function or variable may be unsafe. Consider using strcat_s instead. To disable deprecation, use _CRT_SECURE_NO_WARNINGS. See online help for details.
  c:\program files (x86)\windows kits\10\include\10.0.10056.0\ucrt\string.h(90): note:  см. объявление "strcat"
d:\work\github\quake-2\qcommon\cmd.c(320): warning C4996: 'strcat': This function or variable may be unsafe. Consider using strcat_s instead. To disable deprecation, use _CRT_SECURE_NO_WARNINGS. See online help for details.
  c:\program files (x86)\windows kits\10\include\10.0.10056.0\ucrt\string.h(90): note:  см. объявление "strcat"
d:\work\github\quake-2\qcommon\cmd.c(339): warning C4996: 'strcat': This function or variable may be unsafe. Consider using strcat_s instead. To disable deprecation, use _CRT_SECURE_NO_WARNINGS. See online help for details.
  c:\program files (x86)\windows kits\10\include\10.0.10056.0\ucrt\string.h(90): note:  см. объявление "strcat"
d:\work\github\quake-2\qcommon\cmd.c(340): warning C4996: 'strcat': This function or variable may be unsafe. Consider using strcat_s instead. To disable deprecation, use _CRT_SECURE_NO_WARNINGS. See online help for details.
  c:\program files (x86)\windows kits\10\include\10.0.10056.0\ucrt\string.h(90): note:  см. объявление "strcat"
d:\work\github\quake-2\qcommon\cmd.c(463): warning C4996: 'strcpy': This function or variable may be unsafe. Consider using strcpy_s instead. To disable deprecation, use _CRT_SECURE_NO_WARNINGS. See online help for details.
  c:\program files (x86)\windows kits\10\include\10.0.10056.0\ucrt\string.h(119): note:  см. объявление "strcpy"
d:\work\github\quake-2\qcommon\cmd.c(470): warning C4996: 'strcat': This function or variable may be unsafe. Consider using strcat_s instead. To disable deprecation, use _CRT_SECURE_NO_WARNINGS. See online help for details.
  c:\program files (x86)\windows kits\10\include\10.0.10056.0\ucrt\string.h(90): note:  см. объявление "strcat"
d:\work\github\quake-2\qcommon\cmd.c(472): warning C4996: 'strcat': This function or variable may be unsafe. Consider using strcat_s instead. To disable deprecation, use _CRT_SECURE_NO_WARNINGS. See online help for details.
  c:\program files (x86)\windows kits\10\include\10.0.10056.0\ucrt\string.h(90): note:  см. объявление "strcat"
d:\work\github\quake-2\qcommon\cmd.c(474): warning C4996: 'strcat': This function or variable may be unsafe. Consider using strcat_s instead. To disable deprecation, use _CRT_SECURE_NO_WARNINGS. See online help for details.
  c:\program files (x86)\windows kits\10\include\10.0.10056.0\ucrt\string.h(90): note:  см. объявление "strcat"
d:\work\github\quake-2\qcommon\cmd.c(587): warning C4996: 'strncpy': This function or variable may be unsafe. Consider using strncpy_s instead. To disable deprecation, use _CRT_SECURE_NO_WARNINGS. See online help for details.
  c:\program files (x86)\windows kits\10\include\10.0.10056.0\ucrt\string.h(347): note:  см. объявление "strncpy"
d:\work\github\quake-2\qcommon\cmd.c(588): warning C4996: 'strcpy': This function or variable may be unsafe. Consider using strcpy_s instead. To disable deprecation, use _CRT_SECURE_NO_WARNINGS. See online help for details.
  c:\program files (x86)\windows kits\10\include\10.0.10056.0\ucrt\string.h(119): note:  см. объявление "strcpy"
d:\work\github\quake-2\qcommon\cmd.c(589): warning C4996: 'strcpy': This function or variable may be unsafe. Consider using strcpy_s instead. To disable deprecation, use _CRT_SECURE_NO_WARNINGS. See online help for details.
  c:\program files (x86)\windows kits\10\include\10.0.10056.0\ucrt\string.h(119): note:  см. объявление "strcpy"
d:\work\github\quake-2\qcommon\cmd.c(591): warning C4996: 'strcpy': This function or variable may be unsafe. Consider using strcpy_s instead. To disable deprecation, use _CRT_SECURE_NO_WARNINGS. See online help for details.
  c:\program files (x86)\windows kits\10\include\10.0.10056.0\ucrt\string.h(119): note:  см. объявление "strcpy"
d:\work\github\quake-2\qcommon\cmd.c(660): warning C4996: 'strcpy': This function or variable may be unsafe. Consider using strcpy_s instead. To disable deprecation, use _CRT_SECURE_NO_WARNINGS. See online help for details.
  c:\program files (x86)\windows kits\10\include\10.0.10056.0\ucrt\string.h(119): note:  см. объявление "strcpy"
d:\work\github\quake-2\qcommon\cmd.c(678): warning C4996: 'strcpy': This function or variable may be unsafe. Consider using strcpy_s instead. To disable deprecation, use _CRT_SECURE_NO_WARNINGS. See online help for details.
  c:\program files (x86)\windows kits\10\include\10.0.10056.0\ucrt\string.h(119): note:  см. объявление "strcpy"
  cmodel.c
d:\work\github\quake-2\qcommon\cmodel.c(195): warning C4996: 'strncpy': This function or variable may be unsafe. Consider using strncpy_s instead. To disable deprecation, use _CRT_SECURE_NO_WARNINGS. See online help for details.
  c:\program files (x86)\windows kits\10\include\10.0.10056.0\ucrt\string.h(347): note:  см. объявление "strncpy"
d:\work\github\quake-2\qcommon\cmodel.c(196): warning C4996: 'strncpy': This function or variable may be unsafe. Consider using strncpy_s instead. To disable deprecation, use _CRT_SECURE_NO_WARNINGS. See online help for details.
  c:\program files (x86)\windows kits\10\include\10.0.10056.0\ucrt\string.h(347): note:  см. объявление "strncpy"
d:\work\github\quake-2\qcommon\cmodel.c(629): warning C4996: 'strcpy': This function or variable may be unsafe. Consider using strcpy_s instead. To disable deprecation, use _CRT_SECURE_NO_WARNINGS. See online help for details.
  c:\program files (x86)\windows kits\10\include\10.0.10056.0\ucrt\string.h(119): note:  см. объявление "strcpy"
  common.c
d:\work\github\quake-2\qcommon\common.c(107): warning C4996: 'vsprintf': This function or variable may be unsafe. Consider using vsprintf_s instead. To disable deprecation, use _CRT_SECURE_NO_WARNINGS. See online help for details.
  c:\program files (x86)\windows kits\10\include\10.0.10056.0\ucrt\stdio.h(1465): note:  см. объявление "vsprintf"
d:\work\github\quake-2\qcommon\common.c(117): warning C4996: 'strcat': This function or variable may be unsafe. Consider using strcat_s instead. To disable deprecation, use _CRT_SECURE_NO_WARNINGS. See online help for details.
  c:\program files (x86)\windows kits\10\include\10.0.10056.0\ucrt\string.h(90): note:  см. объявление "strcat"
d:\work\github\quake-2\qcommon\common.c(134): warning C4996: 'fopen': This function or variable may be unsafe. Consider using fopen_s instead. To disable deprecation, use _CRT_SECURE_NO_WARNINGS. See online help for details.
  c:\program files (x86)\windows kits\10\include\10.0.10056.0\ucrt\stdio.h(205): note:  см. объявление "fopen"
d:\work\github\quake-2\qcommon\common.c(160): warning C4996: 'vsprintf': This function or variable may be unsafe. Consider using vsprintf_s instead. To disable deprecation, use _CRT_SECURE_NO_WARNINGS. See online help for details.
  c:\program files (x86)\windows kits\10\include\10.0.10056.0\ucrt\stdio.h(1465): note:  см. объявление "vsprintf"
d:\work\github\quake-2\qcommon\common.c(186): warning C4996: 'vsprintf': This function or variable may be unsafe. Consider using vsprintf_s instead. To disable deprecation, use _CRT_SECURE_NO_WARNINGS. See online help for details.
  c:\program files (x86)\windows kits\10\include\10.0.10056.0\ucrt\stdio.h(1465): note:  см. объявление "vsprintf"
d:\work\github\quake-2\qcommon\common.c(1034): warning C4996: 'strcpy': This function or variable may be unsafe. Consider using strcpy_s instead. To disable deprecation, use _CRT_SECURE_NO_WARNINGS. See online help for details.
  c:\program files (x86)\windows kits\10\include\10.0.10056.0\ucrt\string.h(119): note:  см. объявление "strcpy"
d:\work\github\quake-2\qcommon\common.c(1509): warning C4996: 'fopen': This function or variable may be unsafe. Consider using fopen_s instead. To disable deprecation, use _CRT_SECURE_NO_WARNINGS. See online help for details.
  c:\program files (x86)\windows kits\10\include\10.0.10056.0\ucrt\stdio.h(205): note:  см. объявление "fopen"
  crc.c
  cvar.c
d:\work\github\quake-2\qcommon\cvar.c(435): warning C4996: 'fopen': This function or variable may be unsafe. Consider using fopen_s instead. To disable deprecation, use _CRT_SECURE_NO_WARNINGS. See online help for details.
  c:\program files (x86)\windows kits\10\include\10.0.10056.0\ucrt\stdio.h(205): note:  см. объявление "fopen"
  files.c
d:\work\github\quake-2\qcommon\files.c(222): warning C4996: 'fopen': This function or variable may be unsafe. Consider using fopen_s instead. To disable deprecation, use _CRT_SECURE_NO_WARNINGS. See online help for details.
  c:\program files (x86)\windows kits\10\include\10.0.10056.0\ucrt\stdio.h(205): note:  см. объявление "fopen"
d:\work\github\quake-2\qcommon\files.c(248): warning C4996: 'fopen': This function or variable may be unsafe. Consider using fopen_s instead. To disable deprecation, use _CRT_SECURE_NO_WARNINGS. See online help for details.
  c:\program files (x86)\windows kits\10\include\10.0.10056.0\ucrt\stdio.h(205): note:  см. объявление "fopen"
d:\work\github\quake-2\qcommon\files.c(261): warning C4996: 'fopen': This function or variable may be unsafe. Consider using fopen_s instead. To disable deprecation, use _CRT_SECURE_NO_WARNINGS. See online help for details.
  c:\program files (x86)\windows kits\10\include\10.0.10056.0\ucrt\stdio.h(205): note:  см. объявление "fopen"
d:\work\github\quake-2\qcommon\files.c(459): warning C4996: 'fopen': This function or variable may be unsafe. Consider using fopen_s instead. To disable deprecation, use _CRT_SECURE_NO_WARNINGS. See online help for details.
  c:\program files (x86)\windows kits\10\include\10.0.10056.0\ucrt\stdio.h(205): note:  см. объявление "fopen"
d:\work\github\quake-2\qcommon\files.c(489): warning C4996: 'strcpy': This function or variable may be unsafe. Consider using strcpy_s instead. To disable deprecation, use _CRT_SECURE_NO_WARNINGS. See online help for details.
  c:\program files (x86)\windows kits\10\include\10.0.10056.0\ucrt\string.h(119): note:  см. объявление "strcpy"
d:\work\github\quake-2\qcommon\files.c(495): warning C4996: 'strcpy': This function or variable may be unsafe. Consider using strcpy_s instead. To disable deprecation, use _CRT_SECURE_NO_WARNINGS. See online help for details.
  c:\program files (x86)\windows kits\10\include\10.0.10056.0\ucrt\string.h(119): note:  см. объявление "strcpy"
d:\work\github\quake-2\qcommon\files.c(520): warning C4996: 'strcpy': This function or variable may be unsafe. Consider using strcpy_s instead. To disable deprecation, use _CRT_SECURE_NO_WARNINGS. See online help for details.
  c:\program files (x86)\windows kits\10\include\10.0.10056.0\ucrt\string.h(119): note:  см. объявление "strcpy"
d:\work\github\quake-2\qcommon\files.c(526): warning C4996: 'strcpy': This function or variable may be unsafe. Consider using strcpy_s instead. To disable deprecation, use _CRT_SECURE_NO_WARNINGS. See online help for details.
  c:\program files (x86)\windows kits\10\include\10.0.10056.0\ucrt\string.h(119): note:  см. объявление "strcpy"
d:\work\github\quake-2\qcommon\files.c(717): warning C4996: 'strdup': The POSIX name for this item is deprecated. Instead, use the ISO C and C++ conformant name: _strdup. See online help for details.
  c:\program files (x86)\windows kits\10\include\10.0.10056.0\ucrt\string.h(554): note:  см. объявление "strdup"
d:\work\github\quake-2\qcommon\files.c(719): warning C4996: 'strlwr': The POSIX name for this item is deprecated. Instead, use the ISO C and C++ conformant name: _strlwr. See online help for details.
  c:\program files (x86)\windows kits\10\include\10.0.10056.0\ucrt\string.h(576): note:  см. объявление "strlwr"
d:\work\github\quake-2\qcommon\files.c(743): warning C4996: 'strcpy': This function or variable may be unsafe. Consider using strcpy_s instead. To disable deprecation, use _CRT_SECURE_NO_WARNINGS. See online help for details.
  c:\program files (x86)\windows kits\10\include\10.0.10056.0\ucrt\string.h(119): note:  см. объявление "strcpy"
  md4.c
  net_chan.c
d:\work\github\quake-2\qcommon\net_chan.c(138): warning C4996: 'vsprintf': This function or variable may be unsafe. Consider using vsprintf_s instead. To disable deprecation, use _CRT_SECURE_NO_WARNINGS. See online help for details.
  c:\program files (x86)\windows kits\10\include\10.0.10056.0\ucrt\stdio.h(1465): note:  см. объявление "vsprintf"
  pmove.c
  sv_ccmds.c
d:\work\github\quake-2\server\sv_ccmds.c(200): warning C4996: 'fopen': This function or variable may be unsafe. Consider using fopen_s instead. To disable deprecation, use _CRT_SECURE_NO_WARNINGS. See online help for details.
  c:\program files (x86)\windows kits\10\include\10.0.10056.0\ucrt\stdio.h(205): note:  см. объявление "fopen"
d:\work\github\quake-2\server\sv_ccmds.c(203): warning C4996: 'fopen': This function or variable may be unsafe. Consider using fopen_s instead. To disable deprecation, use _CRT_SECURE_NO_WARNINGS. See online help for details.
  c:\program files (x86)\windows kits\10\include\10.0.10056.0\ucrt\stdio.h(205): note:  см. объявление "fopen"
d:\work\github\quake-2\server\sv_ccmds.c(254): warning C4996: 'strcpy': This function or variable may be unsafe. Consider using strcpy_s instead. To disable deprecation, use _CRT_SECURE_NO_WARNINGS. See online help for details.
  c:\program files (x86)\windows kits\10\include\10.0.10056.0\ucrt\string.h(119): note:  см. объявление "strcpy"
d:\work\github\quake-2\server\sv_ccmds.c(261): warning C4996: 'strcpy': This function or variable may be unsafe. Consider using strcpy_s instead. To disable deprecation, use _CRT_SECURE_NO_WARNINGS. See online help for details.
  c:\program files (x86)\windows kits\10\include\10.0.10056.0\ucrt\string.h(119): note:  см. объявление "strcpy"
d:\work\github\quake-2\server\sv_ccmds.c(263): warning C4996: 'strcpy': This function or variable may be unsafe. Consider using strcpy_s instead. To disable deprecation, use _CRT_SECURE_NO_WARNINGS. See online help for details.
  c:\program files (x86)\windows kits\10\include\10.0.10056.0\ucrt\string.h(119): note:  см. объявление "strcpy"
d:\work\github\quake-2\server\sv_ccmds.c(286): warning C4996: 'fopen': This function or variable may be unsafe. Consider using fopen_s instead. To disable deprecation, use _CRT_SECURE_NO_WARNINGS. See online help for details.
  c:\program files (x86)\windows kits\10\include\10.0.10056.0\ucrt\stdio.h(205): note:  см. объявление "fopen"
d:\work\github\quake-2\server\sv_ccmds.c(314): warning C4996: 'fopen': This function or variable may be unsafe. Consider using fopen_s instead. To disable deprecation, use _CRT_SECURE_NO_WARNINGS. See online help for details.
  c:\program files (x86)\windows kits\10\include\10.0.10056.0\ucrt\stdio.h(205): note:  см. объявление "fopen"
d:\work\github\quake-2\server\sv_ccmds.c(346): warning C4996: 'fopen': This function or variable may be unsafe. Consider using fopen_s instead. To disable deprecation, use _CRT_SECURE_NO_WARNINGS. See online help for details.
  c:\program files (x86)\windows kits\10\include\10.0.10056.0\ucrt\stdio.h(205): note:  см. объявление "fopen"
d:\work\github\quake-2\server\sv_ccmds.c(358): warning C4996: 'localtime': This function or variable may be unsafe. Consider using localtime_s instead. To disable deprecation, use _CRT_SECURE_NO_WARNINGS. See online help for details.
  c:\program files (x86)\windows kits\10\include\10.0.10056.0\ucrt\time.h(505): note:  см. объявление "localtime"
d:\work\github\quake-2\server\sv_ccmds.c(362): warning C4996: 'strncat': This function or variable may be unsafe. Consider using strncat_s instead. To disable deprecation, use _CRT_SECURE_NO_WARNINGS. See online help for details.
  c:\program files (x86)\windows kits\10\include\10.0.10056.0\ucrt\string.h(256): note:  см. объявление "strncat"
d:\work\github\quake-2\server\sv_ccmds.c(388): warning C4996: 'strcpy': This function or variable may be unsafe. Consider using strcpy_s instead. To disable deprecation, use _CRT_SECURE_NO_WARNINGS. See online help for details.
  c:\program files (x86)\windows kits\10\include\10.0.10056.0\ucrt\string.h(119): note:  см. объявление "strcpy"
d:\work\github\quake-2\server\sv_ccmds.c(389): warning C4996: 'strcpy': This function or variable may be unsafe. Consider using strcpy_s instead. To disable deprecation, use _CRT_SECURE_NO_WARNINGS. See online help for details.
  c:\program files (x86)\windows kits\10\include\10.0.10056.0\ucrt\string.h(119): note:  см. объявление "strcpy"
d:\work\github\quake-2\server\sv_ccmds.c(417): warning C4996: 'fopen': This function or variable may be unsafe. Consider using fopen_s instead. To disable deprecation, use _CRT_SECURE_NO_WARNINGS. See online help for details.
  c:\program files (x86)\windows kits\10\include\10.0.10056.0\ucrt\stdio.h(205): note:  см. объявление "fopen"
d:\work\github\quake-2\server\sv_ccmds.c(445): warning C4996: 'strcpy': This function or variable may be unsafe. Consider using strcpy_s instead. To disable deprecation, use _CRT_SECURE_NO_WARNINGS. See online help for details.
  c:\program files (x86)\windows kits\10\include\10.0.10056.0\ucrt\string.h(119): note:  см. объявление "strcpy"
d:\work\github\quake-2\server\sv_ccmds.c(539): warning C4996: 'strncpy': This function or variable may be unsafe. Consider using strncpy_s instead. To disable deprecation, use _CRT_SECURE_NO_WARNINGS. See online help for details.
  c:\program files (x86)\windows kits\10\include\10.0.10056.0\ucrt\string.h(347): note:  см. объявление "strncpy"
d:\work\github\quake-2\server\sv_ccmds.c(616): warning C4996: 'fopen': This function or variable may be unsafe. Consider using fopen_s instead. To disable deprecation, use _CRT_SECURE_NO_WARNINGS. See online help for details.
  c:\program files (x86)\windows kits\10\include\10.0.10056.0\ucrt\stdio.h(205): note:  см. объявление "fopen"
d:\work\github\quake-2\server\sv_ccmds.c(804): warning C4996: 'strcpy': This function or variable may be unsafe. Consider using strcpy_s instead. To disable deprecation, use _CRT_SECURE_NO_WARNINGS. See online help for details.
  c:\program files (x86)\windows kits\10\include\10.0.10056.0\ucrt\string.h(119): note:  см. объявление "strcpy"
d:\work\github\quake-2\server\sv_ccmds.c(813): warning C4996: 'strcat': This function or variable may be unsafe. Consider using strcat_s instead. To disable deprecation, use _CRT_SECURE_NO_WARNINGS. See online help for details.
  c:\program files (x86)\windows kits\10\include\10.0.10056.0\ucrt\string.h(90): note:  см. объявление "strcat"
d:\work\github\quake-2\server\sv_ccmds.c(915): warning C4996: 'fopen': This function or variable may be unsafe. Consider using fopen_s instead. To disable deprecation, use _CRT_SECURE_NO_WARNINGS. See online help for details.
  c:\program files (x86)\windows kits\10\include\10.0.10056.0\ucrt\stdio.h(205): note:  см. объявление "fopen"
  sv_ents.c
  sv_game.c
d:\work\github\quake-2\server\sv_game.c(70): warning C4996: 'vsprintf': This function or variable may be unsafe. Consider using vsprintf_s instead. To disable deprecation, use _CRT_SECURE_NO_WARNINGS. See online help for details.
  c:\program files (x86)\windows kits\10\include\10.0.10056.0\ucrt\stdio.h(1465): note:  см. объявление "vsprintf"
d:\work\github\quake-2\server\sv_game.c(98): warning C4996: 'vsprintf': This function or variable may be unsafe. Consider using vsprintf_s instead. To disable deprecation, use _CRT_SECURE_NO_WARNINGS. See online help for details.
  c:\program files (x86)\windows kits\10\include\10.0.10056.0\ucrt\stdio.h(1465): note:  см. объявление "vsprintf"
d:\work\github\quake-2\server\sv_game.c(126): warning C4996: 'vsprintf': This function or variable may be unsafe. Consider using vsprintf_s instead. To disable deprecation, use _CRT_SECURE_NO_WARNINGS. See online help for details.
  c:\program files (x86)\windows kits\10\include\10.0.10056.0\ucrt\stdio.h(1465): note:  см. объявление "vsprintf"
d:\work\github\quake-2\server\sv_game.c(148): warning C4996: 'vsprintf': This function or variable may be unsafe. Consider using vsprintf_s instead. To disable deprecation, use _CRT_SECURE_NO_WARNINGS. See online help for details.
  c:\program files (x86)\windows kits\10\include\10.0.10056.0\ucrt\stdio.h(1465): note:  см. объявление "vsprintf"
d:\work\github\quake-2\server\sv_game.c(201): warning C4996: 'strcpy': This function or variable may be unsafe. Consider using strcpy_s instead. To disable deprecation, use _CRT_SECURE_NO_WARNINGS. See online help for details.
  c:\program files (x86)\windows kits\10\include\10.0.10056.0\ucrt\string.h(119): note:  см. объявление "strcpy"
  sv_init.c
d:\work\github\quake-2\server\sv_init.c(49): warning C4996: 'strncpy': This function or variable may be unsafe. Consider using strncpy_s instead. To disable deprecation, use _CRT_SECURE_NO_WARNINGS. See online help for details.
  c:\program files (x86)\windows kits\10\include\10.0.10056.0\ucrt\string.h(347): note:  см. объявление "strncpy"
d:\work\github\quake-2\server\sv_init.c(130): warning C4996: 'fopen': This function or variable may be unsafe. Consider using fopen_s instead. To disable deprecation, use _CRT_SECURE_NO_WARNINGS. See online help for details.
  c:\program files (x86)\windows kits\10\include\10.0.10056.0\ucrt\stdio.h(205): note:  см. объявление "fopen"
d:\work\github\quake-2\server\sv_init.c(195): warning C4996: 'strcpy': This function or variable may be unsafe. Consider using strcpy_s instead. To disable deprecation, use _CRT_SECURE_NO_WARNINGS. See online help for details.
  c:\program files (x86)\windows kits\10\include\10.0.10056.0\ucrt\string.h(119): note:  см. объявление "strcpy"
d:\work\github\quake-2\server\sv_init.c(198): warning C4996: 'sprintf': This function or variable may be unsafe. Consider using sprintf_s instead. To disable deprecation, use _CRT_SECURE_NO_WARNINGS. See online help for details.
  c:\program files (x86)\windows kits\10\include\10.0.10056.0\ucrt\stdio.h(1769): note:  см. объявление "sprintf"
d:\work\github\quake-2\server\sv_init.c(203): warning C4996: 'strcpy': This function or variable may be unsafe. Consider using strcpy_s instead. To disable deprecation, use _CRT_SECURE_NO_WARNINGS. See online help for details.
  c:\program files (x86)\windows kits\10\include\10.0.10056.0\ucrt\string.h(119): note:  см. объявление "strcpy"
d:\work\github\quake-2\server\sv_init.c(209): warning C4996: 'strcpy': This function or variable may be unsafe. Consider using strcpy_s instead. To disable deprecation, use _CRT_SECURE_NO_WARNINGS. See online help for details.
  c:\program files (x86)\windows kits\10\include\10.0.10056.0\ucrt\string.h(119): note:  см. объявление "strcpy"
d:\work\github\quake-2\server\sv_init.c(222): warning C4996: 'strcpy': This function or variable may be unsafe. Consider using strcpy_s instead. To disable deprecation, use _CRT_SECURE_NO_WARNINGS. See online help for details.
  c:\program files (x86)\windows kits\10\include\10.0.10056.0\ucrt\string.h(119): note:  см. объявление "strcpy"
d:\work\github\quake-2\server\sv_init.c(223): warning C4996: 'strcpy': This function or variable may be unsafe. Consider using strcpy_s instead. To disable deprecation, use _CRT_SECURE_NO_WARNINGS. See online help for details.
  c:\program files (x86)\windows kits\10\include\10.0.10056.0\ucrt\string.h(119): note:  см. объявление "strcpy"
d:\work\github\quake-2\server\sv_init.c(406): warning C4996: 'strcpy': This function or variable may be unsafe. Consider using strcpy_s instead. To disable deprecation, use _CRT_SECURE_NO_WARNINGS. See online help for details.
  c:\program files (x86)\windows kits\10\include\10.0.10056.0\ucrt\string.h(119): note:  см. объявление "strcpy"
d:\work\github\quake-2\server\sv_init.c(427): warning C4996: 'strcpy': This function or variable may be unsafe. Consider using strcpy_s instead. To disable deprecation, use _CRT_SECURE_NO_WARNINGS. See online help for details.
  c:\program files (x86)\windows kits\10\include\10.0.10056.0\ucrt\string.h(119): note:  см. объявление "strcpy"
d:\work\github\quake-2\server\sv_init.c(434): warning C4996: 'strcpy': This function or variable may be unsafe. Consider using strcpy_s instead. To disable deprecation, use _CRT_SECURE_NO_WARNINGS. See online help for details.
  c:\program files (x86)\windows kits\10\include\10.0.10056.0\ucrt\string.h(119): note:  см. объявление "strcpy"
  sv_main.c
d:\work\github\quake-2\server\sv_main.c(118): warning C4996: 'strcpy': This function or variable may be unsafe. Consider using strcpy_s instead. To disable deprecation, use _CRT_SECURE_NO_WARNINGS. See online help for details.
  c:\program files (x86)\windows kits\10\include\10.0.10056.0\ucrt\string.h(119): note:  см. объявление "strcpy"
d:\work\github\quake-2\server\sv_main.c(119): warning C4996: 'strcat': This function or variable may be unsafe. Consider using strcat_s instead. To disable deprecation, use _CRT_SECURE_NO_WARNINGS. See online help for details.
  c:\program files (x86)\windows kits\10\include\10.0.10056.0\ucrt\string.h(90): note:  см. объявление "strcat"
d:\work\github\quake-2\server\sv_main.c(132): warning C4996: 'strcpy': This function or variable may be unsafe. Consider using strcpy_s instead. To disable deprecation, use _CRT_SECURE_NO_WARNINGS. See online help for details.
  c:\program files (x86)\windows kits\10\include\10.0.10056.0\ucrt\string.h(119): note:  см. объявление "strcpy"
d:\work\github\quake-2\server\sv_main.c(296): warning C4996: 'strncpy': This function or variable may be unsafe. Consider using strncpy_s instead. To disable deprecation, use _CRT_SECURE_NO_WARNINGS. See online help for details.
  c:\program files (x86)\windows kits\10\include\10.0.10056.0\ucrt\string.h(347): note:  см. объявление "strncpy"
d:\work\github\quake-2\server\sv_main.c(397): warning C4996: 'strncpy': This function or variable may be unsafe. Consider using strncpy_s instead. To disable deprecation, use _CRT_SECURE_NO_WARNINGS. See online help for details.
  c:\program files (x86)\windows kits\10\include\10.0.10056.0\ucrt\string.h(347): note:  см. объявление "strncpy"
d:\work\github\quake-2\server\sv_main.c(457): warning C4996: 'strcat': This function or variable may be unsafe. Consider using strcat_s instead. To disable deprecation, use _CRT_SECURE_NO_WARNINGS. See online help for details.
  c:\program files (x86)\windows kits\10\include\10.0.10056.0\ucrt\string.h(90): note:  см. объявление "strcat"
d:\work\github\quake-2\server\sv_main.c(458): warning C4996: 'strcat': This function or variable may be unsafe. Consider using strcat_s instead. To disable deprecation, use _CRT_SECURE_NO_WARNINGS. See online help for details.
  c:\program files (x86)\windows kits\10\include\10.0.10056.0\ucrt\string.h(90): note:  см. объявление "strcat"
d:\work\github\quake-2\server\sv_main.c(907): warning C4996: 'strncpy': This function or variable may be unsafe. Consider using strncpy_s instead. To disable deprecation, use _CRT_SECURE_NO_WARNINGS. See online help for details.
  c:\program files (x86)\windows kits\10\include\10.0.10056.0\ucrt\string.h(347): note:  см. объявление "strncpy"
  sv_send.c
d:\work\github\quake-2\server\sv_send.c(74): warning C4996: 'vsprintf': This function or variable may be unsafe. Consider using vsprintf_s instead. To disable deprecation, use _CRT_SECURE_NO_WARNINGS. See online help for details.
  c:\program files (x86)\windows kits\10\include\10.0.10056.0\ucrt\stdio.h(1465): note:  см. объявление "vsprintf"
d:\work\github\quake-2\server\sv_send.c(97): warning C4996: 'vsprintf': This function or variable may be unsafe. Consider using vsprintf_s instead. To disable deprecation, use _CRT_SECURE_NO_WARNINGS. See online help for details.
  c:\program files (x86)\windows kits\10\include\10.0.10056.0\ucrt\stdio.h(1465): note:  см. объявление "vsprintf"
d:\work\github\quake-2\server\sv_send.c(140): warning C4996: 'vsprintf': This function or variable may be unsafe. Consider using vsprintf_s instead. To disable deprecation, use _CRT_SECURE_NO_WARNINGS. See online help for details.
  c:\program files (x86)\windows kits\10\include\10.0.10056.0\ucrt\stdio.h(1465): note:  см. объявление "vsprintf"
  sv_user.c
d:\work\github\quake-2\server\sv_user.c(578): warning C4996: 'strncpy': This function or variable may be unsafe. Consider using strncpy_s instead. To disable deprecation, use _CRT_SECURE_NO_WARNINGS. See online help for details.
  c:\program files (x86)\windows kits\10\include\10.0.10056.0\ucrt\string.h(347): note:  см. объявление "strncpy"
  sv_world.c
  cd_win.c
  Создание кода...
  Компиляция...
  conproc.c
  in_win.c
  net_wins.c
d:\work\github\quake-2\win32\net_wins.c(201): warning C4996: 'sscanf': This function or variable may be unsafe. Consider using sscanf_s instead. To disable deprecation, use _CRT_SECURE_NO_WARNINGS. See online help for details.
  c:\program files (x86)\windows kits\10\include\10.0.10056.0\ucrt\stdio.h(2254): note:  см. объявление "sscanf"
d:\work\github\quake-2\win32\net_wins.c(202): warning C4996: 'sscanf': This function or variable may be unsafe. Consider using sscanf_s instead. To disable deprecation, use _CRT_SECURE_NO_WARNINGS. See online help for details.
  c:\program files (x86)\windows kits\10\include\10.0.10056.0\ucrt\stdio.h(2254): note:  см. объявление "sscanf"
d:\work\github\quake-2\win32\net_wins.c(203): warning C4996: 'sscanf': This function or variable may be unsafe. Consider using sscanf_s instead. To disable deprecation, use _CRT_SECURE_NO_WARNINGS. See online help for details.
  c:\program files (x86)\windows kits\10\include\10.0.10056.0\ucrt\stdio.h(2254): note:  см. объявление "sscanf"
d:\work\github\quake-2\win32\net_wins.c(204): warning C4996: 'sscanf': This function or variable may be unsafe. Consider using sscanf_s instead. To disable deprecation, use _CRT_SECURE_NO_WARNINGS. See online help for details.
  c:\program files (x86)\windows kits\10\include\10.0.10056.0\ucrt\stdio.h(2254): note:  см. объявление "sscanf"
d:\work\github\quake-2\win32\net_wins.c(205): warning C4996: 'sscanf': This function or variable may be unsafe. Consider using sscanf_s instead. To disable deprecation, use _CRT_SECURE_NO_WARNINGS. See online help for details.
  c:\program files (x86)\windows kits\10\include\10.0.10056.0\ucrt\stdio.h(2254): note:  см. объявление "sscanf"
d:\work\github\quake-2\win32\net_wins.c(206): warning C4996: 'sscanf': This function or variable may be unsafe. Consider using sscanf_s instead. To disable deprecation, use _CRT_SECURE_NO_WARNINGS. See online help for details.
  c:\program files (x86)\windows kits\10\include\10.0.10056.0\ucrt\stdio.h(2254): note:  см. объявление "sscanf"
d:\work\github\quake-2\win32\net_wins.c(207): warning C4996: 'sscanf': This function or variable may be unsafe. Consider using sscanf_s instead. To disable deprecation, use _CRT_SECURE_NO_WARNINGS. See online help for details.
  c:\program files (x86)\windows kits\10\include\10.0.10056.0\ucrt\stdio.h(2254): note:  см. объявление "sscanf"
d:\work\github\quake-2\win32\net_wins.c(208): warning C4996: 'sscanf': This function or variable may be unsafe. Consider using sscanf_s instead. To disable deprecation, use _CRT_SECURE_NO_WARNINGS. See online help for details.
  c:\program files (x86)\windows kits\10\include\10.0.10056.0\ucrt\stdio.h(2254): note:  см. объявление "sscanf"
d:\work\github\quake-2\win32\net_wins.c(209): warning C4996: 'sscanf': This function or variable may be unsafe. Consider using sscanf_s instead. To disable deprecation, use _CRT_SECURE_NO_WARNINGS. See online help for details.
  c:\program files (x86)\windows kits\10\include\10.0.10056.0\ucrt\stdio.h(2254): note:  см. объявление "sscanf"
d:\work\github\quake-2\win32\net_wins.c(210): warning C4996: 'sscanf': This function or variable may be unsafe. Consider using sscanf_s instead. To disable deprecation, use _CRT_SECURE_NO_WARNINGS. See online help for details.
  c:\program files (x86)\windows kits\10\include\10.0.10056.0\ucrt\stdio.h(2254): note:  см. объявление "sscanf"
d:\work\github\quake-2\win32\net_wins.c(211): warning C4996: 'sscanf': This function or variable may be unsafe. Consider using sscanf_s instead. To disable deprecation, use _CRT_SECURE_NO_WARNINGS. See online help for details.
  c:\program files (x86)\windows kits\10\include\10.0.10056.0\ucrt\stdio.h(2254): note:  см. объявление "sscanf"
d:\work\github\quake-2\win32\net_wins.c(220): warning C4996: 'strcpy': This function or variable may be unsafe. Consider using strcpy_s instead. To disable deprecation, use _CRT_SECURE_NO_WARNINGS. See online help for details.
  c:\program files (x86)\windows kits\10\include\10.0.10056.0\ucrt\string.h(119): note:  см. объявление "strcpy"
d:\work\github\quake-2\win32\net_wins.c(484): warning C4133: функция: несовместимые типы - из "qboolean *" в "u_long *"
d:\work\github\quake-2\win32\net_wins.c(497): warning C4996: 'stricmp': The POSIX name for this item is deprecated. Instead, use the ISO C and C++ conformant name: _stricmp. See online help for details.
  c:\program files (x86)\windows kits\10\include\10.0.10056.0\ucrt\string.h(570): note:  см. объявление "stricmp"
  q_shwin.c
  snd_win.c
  sys_win.c
d:\work\github\quake-2\win32\sys_win.c(76): warning C4996: 'vsprintf': This function or variable may be unsafe. Consider using vsprintf_s instead. To disable deprecation, use _CRT_SECURE_NO_WARNINGS. See online help for details.
  c:\program files (x86)\windows kits\10\include\10.0.10056.0\ucrt\stdio.h(1465): note:  см. объявление "vsprintf"
d:\work\github\quake-2\win32\sys_win.c(163): warning C4996: 'sprintf': This function or variable may be unsafe. Consider using sprintf_s instead. To disable deprecation, use _CRT_SECURE_NO_WARNINGS. See online help for details.
  c:\program files (x86)\windows kits\10\include\10.0.10056.0\ucrt\stdio.h(1769): note:  см. объявление "sprintf"
d:\work\github\quake-2\win32\sys_win.c(164): warning C4996: 'sprintf': This function or variable may be unsafe. Consider using sprintf_s instead. To disable deprecation, use _CRT_SECURE_NO_WARNINGS. See online help for details.
  c:\program files (x86)\windows kits\10\include\10.0.10056.0\ucrt\stdio.h(1769): note:  см. объявление "sprintf"
d:\work\github\quake-2\win32\sys_win.c(165): warning C4996: 'fopen': This function or variable may be unsafe. Consider using fopen_s instead. To disable deprecation, use _CRT_SECURE_NO_WARNINGS. See online help for details.
  c:\program files (x86)\windows kits\10\include\10.0.10056.0\ucrt\stdio.h(205): note:  см. объявление "fopen"
d:\work\github\quake-2\win32\sys_win.c(234): warning C4996: 'GetVersionExA': объявлен deprecate
  c:\program files (x86)\windows kits\10\include\10.0.10069.0\um\sysinfoapi.h(448): note:  см. объявление "GetVersionExA"
d:\work\github\quake-2\win32\sys_win.c(415): warning C4996: 'strcpy': This function or variable may be unsafe. Consider using strcpy_s instead. To disable deprecation, use _CRT_SECURE_NO_WARNINGS. See online help for details.
  c:\program files (x86)\windows kits\10\include\10.0.10056.0\ucrt\string.h(119): note:  см. объявление "strcpy"
d:\work\github\quake-2\win32\sys_win.c(655): warning C4996: '_controlfp': This function or variable may be unsafe. Consider using _controlfp_s instead. To disable deprecation, use _CRT_SECURE_NO_WARNINGS. See online help for details.
  c:\program files (x86)\windows kits\10\include\10.0.10056.0\ucrt\float.h(232): note:  см. объявление "_controlfp"
  vid_dll.c
d:\work\github\quake-2\win32\vid_dll.c(123): warning C4996: 'vsprintf': This function or variable may be unsafe. Consider using vsprintf_s instead. To disable deprecation, use _CRT_SECURE_NO_WARNINGS. See online help for details.
  c:\program files (x86)\windows kits\10\include\10.0.10056.0\ucrt\stdio.h(1465): note:  см. объявление "vsprintf"
d:\work\github\quake-2\win32\vid_dll.c(148): warning C4996: 'vsprintf': This function or variable may be unsafe. Consider using vsprintf_s instead. To disable deprecation, use _CRT_SECURE_NO_WARNINGS. See online help for details.
  c:\program files (x86)\windows kits\10\include\10.0.10056.0\ucrt\stdio.h(1465): note:  см. объявление "vsprintf"
d:\work\github\quake-2\win32\vid_dll.c(740): warning C4996: 'putenv': The POSIX name for this item is deprecated. Instead, use the ISO C and C++ conformant name: _putenv. See online help for details.
  c:\program files (x86)\windows kits\10\include\10.0.10056.0\ucrt\stdlib.h(1351): note:  см. объявление "putenv"
  vid_menu.c
d:\work\github\quake-2\win32\vid_menu.c(105): warning C4996: 'stricmp': The POSIX name for this item is deprecated. Instead, use the ISO C and C++ conformant name: _stricmp. See online help for details.
  c:\program files (x86)\windows kits\10\include\10.0.10056.0\ucrt\string.h(570): note:  см. объявление "stricmp"
d:\work\github\quake-2\win32\vid_menu.c(170): warning C4996: 'stricmp': The POSIX name for this item is deprecated. Instead, use the ISO C and C++ conformant name: _stricmp. See online help for details.
  c:\program files (x86)\windows kits\10\include\10.0.10056.0\ucrt\string.h(570): note:  см. объявление "stricmp"
d:\work\github\quake-2\win32\vid_menu.c(175): warning C4996: 'stricmp': The POSIX name for this item is deprecated. Instead, use the ISO C and C++ conformant name: _stricmp. See online help for details.
  c:\program files (x86)\windows kits\10\include\10.0.10056.0\ucrt\string.h(570): note:  см. объявление "stricmp"
d:\work\github\quake-2\win32\vid_menu.c(184): warning C4996: 'putenv': The POSIX name for this item is deprecated. Instead, use the ISO C and C++ conformant name: _putenv. See online help for details.
  c:\program files (x86)\windows kits\10\include\10.0.10056.0\ucrt\stdlib.h(1351): note:  см. объявление "putenv"
d:\work\github\quake-2\win32\vid_menu.c(186): warning C4996: 'putenv': The POSIX name for this item is deprecated. Instead, use the ISO C and C++ conformant name: _putenv. See online help for details.
  c:\program files (x86)\windows kits\10\include\10.0.10056.0\ucrt\stdlib.h(1351): note:  см. объявление "putenv"
  Создание кода...
d:\work\github\quake-2\win32\net_wins.c(124): warning C4715: NET_CompareAdr: значение возвращается не при всех путях выполнения
d:\work\github\quake-2\win32\net_wins.c(154): warning C4715: NET_CompareBaseAdr: значение возвращается не при всех путях выполнения
d:\work\github\quake-2\win32\in_win.c(574): warning C4715: RawValuePointer: значение возвращается не при всех путях выполнения
cl_cin.obj : warning LNK4075: не учитывается "/EDITANDCONTINUE" из-за спецификации "/OPT:LBR"
cl_main.obj : error LNK2019: ссылка на неразрешенный внешний символ _lstrcat в функции _CL_Rcon_f
cl_main.obj : error LNK2019: ссылка на неразрешенный внешний символ _lstrlen в функции _CL_Rcon_f
.\debug\quake2.exe : fatal error LNK1120: неразрешенных внешних элементов: 2
